2023-02-21 11:14:22 WARN  FOUserAgent:80 - The following feature isn't implemented by Apache FOP, yet: table-layout="auto" (on fo:table) (No context info available)
2023-02-21 11:14:22 ERROR FOUserAgent:82 - Image not found. URI: file:///D:/Work Space/IncreffProjects/pos_project/apache_fop/src/main/resources/logo.png. (No context info available)
2023-02-21 11:14:22 WARN  FOUserAgent:80 - The following feature isn't implemented by Apache FOP, yet: table-layout="auto" (on fo:table) (No context info available)
2023-02-21 11:14:22 WARN  FOUserAgent:80 - The following feature isn't implemented by Apache FOP, yet: table-layout="auto" (on fo:table) (No context info available)
2023-02-21 11:14:23 WARN  FOUserAgent:80 - Font "Symbol,normal,700" not found. Substituting with "Symbol,normal,400".
2023-02-21 11:14:23 WARN  FOUserAgent:80 - Font "ZapfDingbats,normal,700" not found. Substituting with "ZapfDingbats,normal,400".
2023-02-21 11:14:23 ERROR FOUserAgent:82 - Image not found. URI: file:///D:/Work Space/IncreffProjects/pos_project/apache_fop/src/main/resources/logo.png. (No context info available)
2023-02-21 11:39:37 WARN  FOUserAgent:80 - The following feature isn't implemented by Apache FOP, yet: table-layout="auto" (on fo:table) (No context info available)
2023-02-21 11:39:37 ERROR FOUserAgent:82 - Image not found. URI: file:///D:/Work Space/IncreffProjects/pos_project/apache_fop/src/main/resources/logo.png. (No context info available)
2023-02-21 11:39:37 WARN  FOUserAgent:80 - The following feature isn't implemented by Apache FOP, yet: table-layout="auto" (on fo:table) (No context info available)
2023-02-21 11:39:37 WARN  FOUserAgent:80 - The following feature isn't implemented by Apache FOP, yet: table-layout="auto" (on fo:table) (No context info available)
2023-02-21 11:39:37 WARN  FOUserAgent:80 - Font "Symbol,normal,700" not found. Substituting with "Symbol,normal,400".
2023-02-21 11:39:37 WARN  FOUserAgent:80 - Font "ZapfDingbats,normal,700" not found. Substituting with "ZapfDingbats,normal,400".
2023-02-21 11:39:37 ERROR FOUserAgent:82 - Image not found. URI: file:///D:/Work Space/IncreffProjects/pos_project/apache_fop/src/main/resources/logo.png. (No context info available)
2023-02-21 11:40:02 WARN  FOUserAgent:80 - The following feature isn't implemented by Apache FOP, yet: table-layout="auto" (on fo:table) (No context info available)
2023-02-21 11:40:02 ERROR FOUserAgent:82 - Image not found. URI: file:///D:/Work Space/IncreffProjects/pos_project/apache_fop/src/main/resources/logo.png. (No context info available)
2023-02-21 11:40:02 WARN  FOUserAgent:80 - The following feature isn't implemented by Apache FOP, yet: table-layout="auto" (on fo:table) (No context info available)
2023-02-21 11:40:03 WARN  FOUserAgent:80 - The following feature isn't implemented by Apache FOP, yet: table-layout="auto" (on fo:table) (No context info available)
2023-02-21 11:40:03 WARN  FOUserAgent:80 - Font "Symbol,normal,700" not found. Substituting with "Symbol,normal,400".
2023-02-21 11:40:03 WARN  FOUserAgent:80 - Font "ZapfDingbats,normal,700" not found. Substituting with "ZapfDingbats,normal,400".
2023-02-21 11:40:03 ERROR FOUserAgent:82 - Image not found. URI: file:///D:/Work Space/IncreffProjects/pos_project/apache_fop/src/main/resources/logo.png. (No context info available)
2023-02-21 12:11:06 WARN  FOUserAgent:80 - The following feature isn't implemented by Apache FOP, yet: table-layout="auto" (on fo:table) (No context info available)
2023-02-21 12:11:06 ERROR FOUserAgent:82 - Image not found. URI: file:///D:/Work Space/IncreffProjects/pos_project/apache_fop/src/main/resources/logo.png. (No context info available)
2023-02-21 12:11:22 WARN  FOUserAgent:80 - The following feature isn't implemented by Apache FOP, yet: table-layout="auto" (on fo:table) (No context info available)
2023-02-21 12:11:22 ERROR FOUserAgent:82 - Image not found. URI: file:///D:/Work Space/IncreffProjects/pos_project/apache_fop/src/main/resources/logo.png. (No context info available)
2023-02-21 12:11:22 WARN  FOUserAgent:80 - The following feature isn't implemented by Apache FOP, yet: table-layout="auto" (on fo:table) (No context info available)
2023-02-21 12:11:22 WARN  FOUserAgent:80 - The following feature isn't implemented by Apache FOP, yet: table-layout="auto" (on fo:table) (No context info available)
2023-02-21 12:11:23 WARN  FOUserAgent:80 - Font "Symbol,normal,700" not found. Substituting with "Symbol,normal,400".
2023-02-21 12:11:23 WARN  FOUserAgent:80 - Font "ZapfDingbats,normal,700" not found. Substituting with "ZapfDingbats,normal,400".
2023-02-21 12:11:23 ERROR FOUserAgent:82 - Image not found. URI: file:///D:/Work Space/IncreffProjects/pos_project/apache_fop/src/main/resources/logo.png. (No context info available)
2023-02-21 12:24:01 WARN  FOUserAgent:80 - The following feature isn't implemented by Apache FOP, yet: table-layout="auto" (on fo:table) (No context info available)
2023-02-21 12:24:01 ERROR FOUserAgent:82 - Image not found. URI: file:///D:/Work Space/IncreffProjects/pos_project/apache_fop/src/main/resources/logo.png. (No context info available)
2023-02-21 12:24:01 WARN  FOUserAgent:80 - The following feature isn't implemented by Apache FOP, yet: table-layout="auto" (on fo:table) (No context info available)
2023-02-21 12:24:01 WARN  FOUserAgent:80 - The following feature isn't implemented by Apache FOP, yet: table-layout="auto" (on fo:table) (No context info available)
2023-02-21 12:47:03 WARN  FOUserAgent:80 - The following feature isn't implemented by Apache FOP, yet: table-layout="auto" (on fo:table) (No context info available)
2023-02-21 12:47:03 ERROR FOUserAgent:82 - Image not found. URI: file:///D:/Work Space/IncreffProjects/pos_project/apache_fop/src/main/resources/logo.png. (No context info available)
2023-02-21 12:47:03 WARN  FOUserAgent:80 - The following feature isn't implemented by Apache FOP, yet: table-layout="auto" (on fo:table) (No context info available)
2023-02-21 12:47:03 WARN  FOUserAgent:80 - The following feature isn't implemented by Apache FOP, yet: table-layout="auto" (on fo:table) (No context info available)
2023-02-21 12:47:04 WARN  FOUserAgent:80 - Font "Symbol,normal,700" not found. Substituting with "Symbol,normal,400".
2023-02-21 12:47:04 WARN  FOUserAgent:80 - Font "ZapfDingbats,normal,700" not found. Substituting with "ZapfDingbats,normal,400".
2023-02-21 12:47:20 WARN  FOUserAgent:80 - The following feature isn't implemented by Apache FOP, yet: table-layout="auto" (on fo:table) (No context info available)
2023-02-21 12:47:21 ERROR FOUserAgent:82 - Image not found. URI: file:///D:/Work Space/IncreffProjects/pos_project/apache_fop/src/main/resources/logo.png. (No context info available)
2023-02-21 12:47:21 WARN  FOUserAgent:80 - The following feature isn't implemented by Apache FOP, yet: table-layout="auto" (on fo:table) (No context info available)
2023-02-21 12:47:21 WARN  FOUserAgent:80 - The following feature isn't implemented by Apache FOP, yet: table-layout="auto" (on fo:table) (No context info available)
2023-02-21 12:47:21 WARN  FOUserAgent:80 - Font "Symbol,normal,700" not found. Substituting with "Symbol,normal,400".
2023-02-21 12:47:21 WARN  FOUserAgent:80 - Font "ZapfDingbats,normal,700" not found. Substituting with "ZapfDingbats,normal,400".
2023-02-21 12:47:21 ERROR FOUserAgent:82 - Image not found. URI: file:///D:/Work Space/IncreffProjects/pos_project/apache_fop/src/main/resources/logo.png. (No context info available)
2023-02-21 13:33:20 WARN  FOUserAgent:80 - The following feature isn't implemented by Apache FOP, yet: table-layout="auto" (on fo:table) (No context info available)
2023-02-21 13:33:20 ERROR FOUserAgent:82 - Image not found. URI: file:///D:/Work Space/IncreffProjects/pos_project/apache_fop/src/main/resources/logo.png. (No context info available)
2023-02-21 13:33:20 WARN  FOUserAgent:80 - The following feature isn't implemented by Apache FOP, yet: table-layout="auto" (on fo:table) (No context info available)
2023-02-21 13:33:20 WARN  FOUserAgent:80 - The following feature isn't implemented by Apache FOP, yet: table-layout="auto" (on fo:table) (No context info available)
2023-02-21 13:34:38 WARN  FOUserAgent:80 - The following feature isn't implemented by Apache FOP, yet: table-layout="auto" (on fo:table) (No context info available)
2023-02-21 13:34:38 ERROR FOUserAgent:82 - Image not found. URI: file:///D:/Work Space/IncreffProjects/pos_project/apache_fop/src/main/resources/logo.png. (No context info available)
2023-02-21 13:34:38 WARN  FOUserAgent:80 - The following feature isn't implemented by Apache FOP, yet: table-layout="auto" (on fo:table) (No context info available)
2023-02-21 13:34:38 WARN  FOUserAgent:80 - The following feature isn't implemented by Apache FOP, yet: table-layout="auto" (on fo:table) (No context info available)
2023-02-21 13:34:38 WARN  FOUserAgent:80 - Font "Symbol,normal,700" not found. Substituting with "Symbol,normal,400".
2023-02-21 13:34:38 WARN  FOUserAgent:80 - Font "ZapfDingbats,normal,700" not found. Substituting with "ZapfDingbats,normal,400".
2023-02-21 13:34:38 ERROR FOUserAgent:82 - Image not found. URI: file:///D:/Work Space/IncreffProjects/pos_project/apache_fop/src/main/resources/logo.png. (No context info available)
2023-02-21 13:47:10 WARN  FOUserAgent:80 - The following feature isn't implemented by Apache FOP, yet: table-layout="auto" (on fo:table) (No context info available)
2023-02-21 13:47:10 ERROR FOUserAgent:82 - Image not found. URI: file:///D:/Work Space/IncreffProjects/pos_project/apache_fop/src/main/resources/logo.png. (No context info available)
2023-02-21 13:47:10 WARN  FOUserAgent:80 - The following feature isn't implemented by Apache FOP, yet: table-layout="auto" (on fo:table) (No context info available)
2023-02-21 13:47:10 WARN  FOUserAgent:80 - The following feature isn't implemented by Apache FOP, yet: table-layout="auto" (on fo:table) (No context info available)
2023-02-21 13:47:10 WARN  FOUserAgent:80 - Font "Symbol,normal,700" not found. Substituting with "Symbol,normal,400".
2023-02-21 13:47:10 WARN  FOUserAgent:80 - Font "ZapfDingbats,normal,700" not found. Substituting with "ZapfDingbats,normal,400".
2023-02-21 13:47:11 ERROR FOUserAgent:82 - Image not found. URI: file:///D:/Work Space/IncreffProjects/pos_project/apache_fop/src/main/resources/logo.png. (No context info available)
2023-02-21 13:48:20 WARN  FOUserAgent:80 - The following feature isn't implemented by Apache FOP, yet: table-layout="auto" (on fo:table) (No context info available)
2023-02-21 13:48:20 ERROR FOUserAgent:82 - Image not found. URI: file:///D:/Work Space/IncreffProjects/pos_project/apache_fop/src/main/resources/logo.png. (No context info available)
2023-02-21 13:48:21 WARN  FOUserAgent:80 - The following feature isn't implemented by Apache FOP, yet: table-layout="auto" (on fo:table) (No context info available)
2023-02-21 13:48:21 WARN  FOUserAgent:80 - The following feature isn't implemented by Apache FOP, yet: table-layout="auto" (on fo:table) (No context info available)
2023-02-21 13:48:21 WARN  FOUserAgent:80 - Font "Symbol,normal,700" not found. Substituting with "Symbol,normal,400".
2023-02-21 13:48:21 WARN  FOUserAgent:80 - Font "ZapfDingbats,normal,700" not found. Substituting with "ZapfDingbats,normal,400".
2023-02-21 13:48:21 ERROR FOUserAgent:82 - Image not found. URI: file:///D:/Work Space/IncreffProjects/pos_project/apache_fop/src/main/resources/logo.png. (No context info available)
2023-02-21 13:49:31 WARN  FOUserAgent:80 - The following feature isn't implemented by Apache FOP, yet: table-layout="auto" (on fo:table) (No context info available)
2023-02-21 13:49:31 ERROR FOUserAgent:82 - Image not found. URI: file:///D:/Work Space/IncreffProjects/pos_project/apache_fop/src/main/resources/logo.png. (No context info available)
2023-02-21 13:49:31 WARN  FOUserAgent:80 - The following feature isn't implemented by Apache FOP, yet: table-layout="auto" (on fo:table) (No context info available)
2023-02-21 13:49:31 WARN  FOUserAgent:80 - The following feature isn't implemented by Apache FOP, yet: table-layout="auto" (on fo:table) (No context info available)
2023-02-21 13:49:31 WARN  FOUserAgent:80 - Font "Symbol,normal,700" not found. Substituting with "Symbol,normal,400".
2023-02-21 13:49:31 WARN  FOUserAgent:80 - Font "ZapfDingbats,normal,700" not found. Substituting with "ZapfDingbats,normal,400".
2023-02-21 13:49:32 ERROR FOUserAgent:82 - Image not found. URI: file:///D:/Work Space/IncreffProjects/pos_project/apache_fop/src/main/resources/logo.png. (No context info available)
2023-02-21 13:59:46 WARN  FOUserAgent:80 - The following feature isn't implemented by Apache FOP, yet: table-layout="auto" (on fo:table) (No context info available)
2023-02-21 13:59:46 ERROR FOUserAgent:82 - Image not found. URI: file:///D:/Work Space/IncreffProjects/pos_project/apache_fop/src/main/resources/logo.png. (No context info available)
2023-02-21 13:59:46 WARN  FOUserAgent:80 - The following feature isn't implemented by Apache FOP, yet: table-layout="auto" (on fo:table) (No context info available)
2023-02-21 13:59:46 WARN  FOUserAgent:80 - The following feature isn't implemented by Apache FOP, yet: table-layout="auto" (on fo:table) (No context info available)
2023-02-21 13:59:46 WARN  FOUserAgent:80 - Font "Symbol,normal,700" not found. Substituting with "Symbol,normal,400".
2023-02-21 13:59:46 WARN  FOUserAgent:80 - Font "ZapfDingbats,normal,700" not found. Substituting with "ZapfDingbats,normal,400".
2023-02-21 13:59:46 ERROR FOUserAgent:82 - Image not found. URI: file:///D:/Work Space/IncreffProjects/pos_project/apache_fop/src/main/resources/logo.png. (No context info available)
2023-02-21 14:04:33 WARN  FOUserAgent:80 - The following feature isn't implemented by Apache FOP, yet: table-layout="auto" (on fo:table) (No context info available)
2023-02-21 14:04:33 ERROR FOUserAgent:82 - Image not found. URI: file:///D:/Work Space/IncreffProjects/pos_project/apache_fop/src/main/resources/logo.png. (No context info available)
2023-02-21 14:04:33 WARN  FOUserAgent:80 - The following feature isn't implemented by Apache FOP, yet: table-layout="auto" (on fo:table) (No context info available)
2023-02-21 14:04:33 WARN  FOUserAgent:80 - The following feature isn't implemented by Apache FOP, yet: table-layout="auto" (on fo:table) (No context info available)
2023-02-21 14:04:33 WARN  FOUserAgent:80 - Font "Symbol,normal,700" not found. Substituting with "Symbol,normal,400".
2023-02-21 14:04:33 WARN  FOUserAgent:80 - Font "ZapfDingbats,normal,700" not found. Substituting with "ZapfDingbats,normal,400".
2023-02-21 14:04:33 ERROR FOUserAgent:82 - Image not found. URI: file:///D:/Work Space/IncreffProjects/pos_project/apache_fop/src/main/resources/logo.png. (No context info available)
2023-02-21 14:05:46 WARN  FOUserAgent:80 - The following feature isn't implemented by Apache FOP, yet: table-layout="auto" (on fo:table) (No context info available)
2023-02-21 14:05:46 ERROR FOUserAgent:82 - Image not found. URI: file:///D:/Work Space/IncreffProjects/pos_project/apache_fop/src/main/resources/logo.png. (No context info available)
2023-02-21 14:05:46 WARN  FOUserAgent:80 - The following feature isn't implemented by Apache FOP, yet: table-layout="auto" (on fo:table) (No context info available)
2023-02-21 14:05:46 WARN  FOUserAgent:80 - The following feature isn't implemented by Apache FOP, yet: table-layout="auto" (on fo:table) (No context info available)
2023-02-21 14:05:47 WARN  FOUserAgent:80 - Font "Symbol,normal,700" not found. Substituting with "Symbol,normal,400".
2023-02-21 14:05:47 WARN  FOUserAgent:80 - Font "ZapfDingbats,normal,700" not found. Substituting with "ZapfDingbats,normal,400".
2023-02-21 14:05:47 ERROR FOUserAgent:82 - Image not found. URI: file:///D:/Work Space/IncreffProjects/pos_project/apache_fop/src/main/resources/logo.png. (No context info available)
2023-02-21 14:06:47 WARN  FOUserAgent:80 - The following feature isn't implemented by Apache FOP, yet: table-layout="auto" (on fo:table) (No context info available)
2023-02-21 14:06:48 ERROR FOUserAgent:82 - Image not found. URI: file:///D:/Work Space/IncreffProjects/pos_project/apache_fop/src/main/resources/logo.png. (No context info available)
2023-02-21 14:06:48 WARN  FOUserAgent:80 - The following feature isn't implemented by Apache FOP, yet: table-layout="auto" (on fo:table) (No context info available)
2023-02-21 14:06:48 WARN  FOUserAgent:80 - The following feature isn't implemented by Apache FOP, yet: table-layout="auto" (on fo:table) (No context info available)
2023-02-21 14:06:48 WARN  FOUserAgent:80 - Font "Symbol,normal,700" not found. Substituting with "Symbol,normal,400".
2023-02-21 14:06:48 WARN  FOUserAgent:80 - Font "ZapfDingbats,normal,700" not found. Substituting with "ZapfDingbats,normal,400".
2023-02-21 14:06:48 ERROR FOUserAgent:82 - Image not found. URI: file:///D:/Work Space/IncreffProjects/pos_project/apache_fop/src/main/resources/logo.png. (No context info available)
2023-02-21 14:55:05 WARN  AnnotationConfigWebApplicationContext:550 - Exception encountered during context initialization - cancelling refresh attempt: org.springframework.beans.factory.BeanCreationException: Error creating bean with name 'dbConfig' defined in file [D:\Repos\POS\invoice\target\classes\com\increff\invoice\spring\DbConfig.class]: Instantiation of bean failed; nested exception is org.springframework.beans.BeanInstantiationException: Failed to instantiate [com.increff.invoice.spring.DbConfig$$EnhancerBySpringCGLIB$$891f05b2]: Constructor threw exception; nested exception is java.lang.Error: Unresolved compilation problem: 
	The declared package "com.increff.pos.spring" does not match the expected package "com.increff.invoice.spring"

2023-02-21 14:55:05 ERROR DispatcherServlet:502 - Context initialization failed
org.springframework.beans.factory.BeanCreationException: Error creating bean with name 'dbConfig' defined in file [D:\Repos\POS\invoice\target\classes\com\increff\invoice\spring\DbConfig.class]: Instantiation of bean failed; nested exception is org.springframework.beans.BeanInstantiationException: Failed to instantiate [com.increff.invoice.spring.DbConfig$$EnhancerBySpringCGLIB$$891f05b2]: Constructor threw exception; nested exception is java.lang.Error: Unresolved compilation problem: 
	The declared package "com.increff.pos.spring" does not match the expected package "com.increff.invoice.spring"

	at org.springframework.beans.factory.support.AbstractAutowireCapableBeanFactory.instantiateBean(AbstractAutowireCapableBeanFactory.java:1155)
	at org.springframework.beans.factory.support.AbstractAutowireCapableBeanFactory.createBeanInstance(AbstractAutowireCapableBeanFactory.java:1099)
	at org.springframework.beans.factory.support.AbstractAutowireCapableBeanFactory.doCreateBean(AbstractAutowireCapableBeanFactory.java:513)
	at org.springframework.beans.factory.support.AbstractAutowireCapableBeanFactory.createBean(AbstractAutowireCapableBeanFactory.java:483)
	at org.springframework.beans.factory.support.AbstractBeanFactory$1.getObject(AbstractBeanFactory.java:306)
	at org.springframework.beans.factory.support.DefaultSingletonBeanRegistry.getSingleton(DefaultSingletonBeanRegistry.java:230)
	at org.springframework.beans.factory.support.AbstractBeanFactory.doGetBean(AbstractBeanFactory.java:302)
	at org.springframework.beans.factory.support.AbstractBeanFactory.getBean(AbstractBeanFactory.java:197)
	at org.springframework.beans.factory.support.ConstructorResolver.instantiateUsingFactoryMethod(ConstructorResolver.java:372)
	at org.springframework.beans.factory.support.AbstractAutowireCapableBeanFactory.instantiateUsingFactoryMethod(AbstractAutowireCapableBeanFactory.java:1173)
	at org.springframework.beans.factory.support.AbstractAutowireCapableBeanFactory.createBeanInstance(AbstractAutowireCapableBeanFactory.java:1067)
	at org.springframework.beans.factory.support.AbstractAutowireCapableBeanFactory.doCreateBean(AbstractAutowireCapableBeanFactory.java:513)
	at org.springframework.beans.factory.support.AbstractAutowireCapableBeanFactory.createBean(AbstractAutowireCapableBeanFactory.java:483)
	at org.springframework.beans.factory.support.AbstractBeanFactory$1.getObject(AbstractBeanFactory.java:306)
	at org.springframework.beans.factory.support.DefaultSingletonBeanRegistry.getSingleton(DefaultSingletonBeanRegistry.java:230)
	at org.springframework.beans.factory.support.AbstractBeanFactory.doGetBean(AbstractBeanFactory.java:302)
	at org.springframework.beans.factory.support.AbstractBeanFactory.getBean(AbstractBeanFactory.java:197)
	at org.springframework.context.support.AbstractApplicationContext.getBean(AbstractApplicationContext.java:1081)
	at org.springframework.context.support.AbstractApplicationContext.finishBeanFactoryInitialization(AbstractApplicationContext.java:856)
	at org.springframework.context.support.AbstractApplicationContext.refresh(AbstractApplicationContext.java:542)
	at org.springframework.web.servlet.FrameworkServlet.configureAndRefreshWebApplicationContext(FrameworkServlet.java:668)
	at org.springframework.web.servlet.FrameworkServlet.initWebApplicationContext(FrameworkServlet.java:540)
	at org.springframework.web.servlet.FrameworkServlet.initServletBean(FrameworkServlet.java:494)
	at org.springframework.web.servlet.HttpServletBean.init(HttpServletBean.java:136)
	at javax.servlet.GenericServlet.init(GenericServlet.java:244)
	at org.eclipse.jetty.servlet.ServletHolder.initServlet(ServletHolder.java:599)
	at org.eclipse.jetty.servlet.ServletHolder.initialize(ServletHolder.java:425)
	at org.eclipse.jetty.servlet.ServletHandler.lambda$initialize$0(ServletHandler.java:751)
	at java.util.stream.SortedOps$SizedRefSortingSink.end(SortedOps.java:352)
	at java.util.stream.AbstractPipeline.copyInto(AbstractPipeline.java:483)
	at java.util.stream.AbstractPipeline.wrapAndCopyInto(AbstractPipeline.java:472)
	at java.util.stream.StreamSpliterators$WrappingSpliterator.forEachRemaining(StreamSpliterators.java:312)
	at java.util.stream.Streams$ConcatSpliterator.forEachRemaining(Streams.java:743)
	at java.util.stream.Streams$ConcatSpliterator.forEachRemaining(Streams.java:742)
	at java.util.stream.ReferencePipeline$Head.forEach(ReferencePipeline.java:580)
	at org.eclipse.jetty.servlet.ServletHandler.initialize(ServletHandler.java:744)
	at org.eclipse.jetty.servlet.ServletContextHandler.startContext(ServletContextHandler.java:361)
	at org.eclipse.jetty.webapp.WebAppContext.startWebapp(WebAppContext.java:1443)
	at org.eclipse.jetty.maven.plugin.JettyWebAppContext.startWebapp(JettyWebAppContext.java:328)
	at org.eclipse.jetty.webapp.WebAppContext.startContext(WebAppContext.java:1407)
	at org.eclipse.jetty.server.handler.ContextHandler.doStart(ContextHandler.java:821)
	at org.eclipse.jetty.servlet.ServletContextHandler.doStart(ServletContextHandler.java:276)
	at org.eclipse.jetty.webapp.WebAppContext.doStart(WebAppContext.java:524)
	at org.eclipse.jetty.maven.plugin.JettyWebAppContext.doStart(JettyWebAppContext.java:397)
	at org.eclipse.jetty.util.component.AbstractLifeCycle.start(AbstractLifeCycle.java:72)
	at org.eclipse.jetty.maven.plugin.JettyRunMojo.restartWebApp(JettyRunMojo.java:513)
	at org.eclipse.jetty.maven.plugin.JettyRunMojo$1.onPathWatchEvents(JettyRunMojo.java:357)
	at org.eclipse.jetty.util.PathWatcher.notifyEvents(PathWatcher.java:1342)
	at org.eclipse.jetty.util.PathWatcher.run(PathWatcher.java:1169)
	at java.lang.Thread.run(Thread.java:748)
Caused by: org.springframework.beans.BeanInstantiationException: Failed to instantiate [com.increff.invoice.spring.DbConfig$$EnhancerBySpringCGLIB$$891f05b2]: Constructor threw exception; nested exception is java.lang.Error: Unresolved compilation problem: 
	The declared package "com.increff.pos.spring" does not match the expected package "com.increff.invoice.spring"

	at org.springframework.beans.BeanUtils.instantiateClass(BeanUtils.java:154)
	at org.springframework.beans.factory.support.SimpleInstantiationStrategy.instantiate(SimpleInstantiationStrategy.java:89)
	at org.springframework.beans.factory.support.AbstractAutowireCapableBeanFactory.instantiateBean(AbstractAutowireCapableBeanFactory.java:1147)
	... 49 more
Caused by: java.lang.Error: Unresolved compilation problem: 
	The declared package "com.increff.pos.spring" does not match the expected package "com.increff.invoice.spring"

	at com.increff.invoice.spring.DbConfig.<init>(DbConfig.java:86)
	at com.increff.invoice.spring.DbConfig$$EnhancerBySpringCGLIB$$891f05b2.<init>(<generated>)
	at sun.reflect.NativeConstructorAccessorImpl.newInstance0(Native Method)
	at sun.reflect.NativeConstructorAccessorImpl.newInstance(NativeConstructorAccessorImpl.java:62)
	at sun.reflect.DelegatingConstructorAccessorImpl.newInstance(DelegatingConstructorAccessorImpl.java:45)
	at java.lang.reflect.Constructor.newInstance(Constructor.java:423)
	at org.springframework.beans.BeanUtils.instantiateClass(BeanUtils.java:142)
	... 51 more
2023-02-21 15:34:23 WARN  FOUserAgent:80 - The following feature isn't implemented by Apache FOP, yet: table-layout="auto" (on fo:table) (No context info available)
2023-02-21 15:34:23 ERROR FOUserAgent:82 - Image not found. URI: file:///D:/Work Space/IncreffProjects/pos_project/apache_fop/src/main/resources/logo.png. (No context info available)
2023-02-21 15:34:23 WARN  FOUserAgent:80 - The following feature isn't implemented by Apache FOP, yet: table-layout="auto" (on fo:table) (No context info available)
2023-02-21 15:34:23 WARN  FOUserAgent:80 - The following feature isn't implemented by Apache FOP, yet: table-layout="auto" (on fo:table) (No context info available)
2023-02-21 15:34:24 WARN  FOUserAgent:80 - Font "Symbol,normal,700" not found. Substituting with "Symbol,normal,400".
2023-02-21 15:34:24 WARN  FOUserAgent:80 - Font "ZapfDingbats,normal,700" not found. Substituting with "ZapfDingbats,normal,400".
2023-02-21 15:34:24 ERROR FOUserAgent:82 - Image not found. URI: file:///D:/Work Space/IncreffProjects/pos_project/apache_fop/src/main/resources/logo.png. (No context info available)
2023-02-21 15:35:17 WARN  FOUserAgent:80 - The following feature isn't implemented by Apache FOP, yet: table-layout="auto" (on fo:table) (No context info available)
2023-02-21 15:35:17 ERROR FOUserAgent:82 - Image not found. URI: file:///D:/Work Space/IncreffProjects/pos_project/apache_fop/src/main/resources/logo.png. (No context info available)
2023-02-21 15:35:17 WARN  FOUserAgent:80 - The following feature isn't implemented by Apache FOP, yet: table-layout="auto" (on fo:table) (No context info available)
2023-02-21 15:35:17 WARN  FOUserAgent:80 - The following feature isn't implemented by Apache FOP, yet: table-layout="auto" (on fo:table) (No context info available)
2023-02-21 15:35:17 WARN  FOUserAgent:80 - Font "Symbol,normal,700" not found. Substituting with "Symbol,normal,400".
2023-02-21 15:35:17 WARN  FOUserAgent:80 - Font "ZapfDingbats,normal,700" not found. Substituting with "ZapfDingbats,normal,400".
2023-02-21 15:35:18 ERROR FOUserAgent:82 - Image not found. URI: file:///D:/Work Space/IncreffProjects/pos_project/apache_fop/src/main/resources/logo.png. (No context info available)
2023-02-21 15:35:37 WARN  FOUserAgent:80 - The following feature isn't implemented by Apache FOP, yet: table-layout="auto" (on fo:table) (No context info available)
2023-02-21 15:35:37 ERROR FOUserAgent:82 - Image not found. URI: file:///D:/Work Space/IncreffProjects/pos_project/apache_fop/src/main/resources/logo.png. (No context info available)
2023-02-21 15:35:37 WARN  FOUserAgent:80 - The following feature isn't implemented by Apache FOP, yet: table-layout="auto" (on fo:table) (No context info available)
2023-02-21 15:35:37 WARN  FOUserAgent:80 - The following feature isn't implemented by Apache FOP, yet: table-layout="auto" (on fo:table) (No context info available)
2023-02-21 15:35:38 WARN  FOUserAgent:80 - Font "Symbol,normal,700" not found. Substituting with "Symbol,normal,400".
2023-02-21 15:35:38 WARN  FOUserAgent:80 - Font "ZapfDingbats,normal,700" not found. Substituting with "ZapfDingbats,normal,400".
2023-02-21 15:35:38 ERROR FOUserAgent:82 - Image not found. URI: file:///D:/Work Space/IncreffProjects/pos_project/apache_fop/src/main/resources/logo.png. (No context info available)
2023-02-21 15:36:36 WARN  FOUserAgent:80 - The following feature isn't implemented by Apache FOP, yet: table-layout="auto" (on fo:table) (No context info available)
2023-02-21 15:36:36 ERROR FOUserAgent:82 - Image not found. URI: file:///D:/Work Space/IncreffProjects/pos_project/apache_fop/src/main/resources/logo.png. (No context info available)
2023-02-21 15:36:36 WARN  FOUserAgent:80 - The following feature isn't implemented by Apache FOP, yet: table-layout="auto" (on fo:table) (No context info available)
2023-02-21 15:36:36 WARN  FOUserAgent:80 - The following feature isn't implemented by Apache FOP, yet: table-layout="auto" (on fo:table) (No context info available)
2023-02-21 15:36:36 WARN  FOUserAgent:80 - Font "Symbol,normal,700" not found. Substituting with "Symbol,normal,400".
2023-02-21 15:36:36 WARN  FOUserAgent:80 - Font "ZapfDingbats,normal,700" not found. Substituting with "ZapfDingbats,normal,400".
2023-02-21 15:36:36 ERROR FOUserAgent:82 - Image not found. URI: file:///D:/Work Space/IncreffProjects/pos_project/apache_fop/src/main/resources/logo.png. (No context info available)
2023-02-21 15:37:46 WARN  FOUserAgent:80 - The following feature isn't implemented by Apache FOP, yet: table-layout="auto" (on fo:table) (No context info available)
2023-02-21 15:37:46 ERROR FOUserAgent:82 - Image not found. URI: file:///D:/Work Space/IncreffProjects/pos_project/apache_fop/src/main/resources/logo.png. (No context info available)
2023-02-21 15:37:46 WARN  FOUserAgent:80 - The following feature isn't implemented by Apache FOP, yet: table-layout="auto" (on fo:table) (No context info available)
2023-02-21 15:37:46 WARN  FOUserAgent:80 - The following feature isn't implemented by Apache FOP, yet: table-layout="auto" (on fo:table) (No context info available)
2023-02-21 15:37:46 WARN  FOUserAgent:80 - Font "Symbol,normal,700" not found. Substituting with "Symbol,normal,400".
2023-02-21 15:37:46 WARN  FOUserAgent:80 - Font "ZapfDingbats,normal,700" not found. Substituting with "ZapfDingbats,normal,400".
2023-02-21 15:37:47 ERROR FOUserAgent:82 - Image not found. URI: file:///D:/Work Space/IncreffProjects/pos_project/apache_fop/src/main/resources/logo.png. (No context info available)
2023-02-22 14:06:39 WARN  AnnotationConfigWebApplicationContext:550 - Exception encountered during context initialization - cancelling refresh attempt: org.springframework.beans.factory.UnsatisfiedDependencyException: Error creating bean with name 'pdfApiController': Unsatisfied dependency expressed through field 'pdfDto'; nested exception is org.springframework.beans.factory.BeanCreationException: Error creating bean with name 'pdfDto' defined in file [D:\Repos\POS\invoice\target\classes\com\increff\invoice\dto\PdfDto.class]: Post-processing of merged bean definition failed; nested exception is java.lang.IllegalStateException: Failed to introspect bean class [com.increff.invoice.dto.PdfDto] for persistence metadata: could not find class that it depends on
2023-02-22 14:06:39 ERROR DispatcherServlet:502 - Context initialization failed
org.springframework.beans.factory.UnsatisfiedDependencyException: Error creating bean with name 'pdfApiController': Unsatisfied dependency expressed through field 'pdfDto'; nested exception is org.springframework.beans.factory.BeanCreationException: Error creating bean with name 'pdfDto' defined in file [D:\Repos\POS\invoice\target\classes\com\increff\invoice\dto\PdfDto.class]: Post-processing of merged bean definition failed; nested exception is java.lang.IllegalStateException: Failed to introspect bean class [com.increff.invoice.dto.PdfDto] for persistence metadata: could not find class that it depends on
	at org.springframework.beans.factory.annotation.AutowiredAnnotationBeanPostProcessor$AutowiredFieldElement.inject(AutowiredAnnotationBeanPostProcessor.java:588)
	at org.springframework.beans.factory.annotation.InjectionMetadata.inject(InjectionMetadata.java:88)
	at org.springframework.beans.factory.annotation.AutowiredAnnotationBeanPostProcessor.postProcessPropertyValues(AutowiredAnnotationBeanPostProcessor.java:366)
	at org.springframework.beans.factory.support.AbstractAutowireCapableBeanFactory.populateBean(AbstractAutowireCapableBeanFactory.java:1264)
	at org.springframework.beans.factory.support.AbstractAutowireCapableBeanFactory.doCreateBean(AbstractAutowireCapableBeanFactory.java:553)
	at org.springframework.beans.factory.support.AbstractAutowireCapableBeanFactory.createBean(AbstractAutowireCapableBeanFactory.java:483)
	at org.springframework.beans.factory.support.AbstractBeanFactory$1.getObject(AbstractBeanFactory.java:306)
	at org.springframework.beans.factory.support.DefaultSingletonBeanRegistry.getSingleton(DefaultSingletonBeanRegistry.java:230)
	at org.springframework.beans.factory.support.AbstractBeanFactory.doGetBean(AbstractBeanFactory.java:302)
	at org.springframework.beans.factory.support.AbstractBeanFactory.getBean(AbstractBeanFactory.java:197)
	at org.springframework.beans.factory.support.DefaultListableBeanFactory.preInstantiateSingletons(DefaultListableBeanFactory.java:761)
	at org.springframework.context.support.AbstractApplicationContext.finishBeanFactoryInitialization(AbstractApplicationContext.java:866)
	at org.springframework.context.support.AbstractApplicationContext.refresh(AbstractApplicationContext.java:542)
	at org.springframework.web.servlet.FrameworkServlet.configureAndRefreshWebApplicationContext(FrameworkServlet.java:668)
	at org.springframework.web.servlet.FrameworkServlet.initWebApplicationContext(FrameworkServlet.java:540)
	at org.springframework.web.servlet.FrameworkServlet.initServletBean(FrameworkServlet.java:494)
	at org.springframework.web.servlet.HttpServletBean.init(HttpServletBean.java:136)
	at javax.servlet.GenericServlet.init(GenericServlet.java:244)
	at org.eclipse.jetty.servlet.ServletHolder.initServlet(ServletHolder.java:599)
	at org.eclipse.jetty.servlet.ServletHolder.initialize(ServletHolder.java:425)
	at org.eclipse.jetty.servlet.ServletHandler.lambda$initialize$0(ServletHandler.java:751)
	at java.util.stream.SortedOps$SizedRefSortingSink.end(SortedOps.java:352)
	at java.util.stream.AbstractPipeline.copyInto(AbstractPipeline.java:483)
	at java.util.stream.AbstractPipeline.wrapAndCopyInto(AbstractPipeline.java:472)
	at java.util.stream.StreamSpliterators$WrappingSpliterator.forEachRemaining(StreamSpliterators.java:312)
	at java.util.stream.Streams$ConcatSpliterator.forEachRemaining(Streams.java:743)
	at java.util.stream.Streams$ConcatSpliterator.forEachRemaining(Streams.java:742)
	at java.util.stream.ReferencePipeline$Head.forEach(ReferencePipeline.java:580)
	at org.eclipse.jetty.servlet.ServletHandler.initialize(ServletHandler.java:744)
	at org.eclipse.jetty.servlet.ServletContextHandler.startContext(ServletContextHandler.java:361)
	at org.eclipse.jetty.webapp.WebAppContext.startWebapp(WebAppContext.java:1443)
	at org.eclipse.jetty.maven.plugin.JettyWebAppContext.startWebapp(JettyWebAppContext.java:328)
	at org.eclipse.jetty.webapp.WebAppContext.startContext(WebAppContext.java:1407)
	at org.eclipse.jetty.server.handler.ContextHandler.doStart(ContextHandler.java:821)
	at org.eclipse.jetty.servlet.ServletContextHandler.doStart(ServletContextHandler.java:276)
	at org.eclipse.jetty.webapp.WebAppContext.doStart(WebAppContext.java:524)
	at org.eclipse.jetty.maven.plugin.JettyWebAppContext.doStart(JettyWebAppContext.java:397)
	at org.eclipse.jetty.util.component.AbstractLifeCycle.start(AbstractLifeCycle.java:72)
	at org.eclipse.jetty.maven.plugin.JettyRunMojo.restartWebApp(JettyRunMojo.java:513)
	at org.eclipse.jetty.maven.plugin.JettyRunMojo$1.onPathWatchEvents(JettyRunMojo.java:357)
	at org.eclipse.jetty.util.PathWatcher.notifyEvents(PathWatcher.java:1342)
	at org.eclipse.jetty.util.PathWatcher.run(PathWatcher.java:1169)
	at java.lang.Thread.run(Thread.java:748)
Caused by: org.springframework.beans.factory.BeanCreationException: Error creating bean with name 'pdfDto' defined in file [D:\Repos\POS\invoice\target\classes\com\increff\invoice\dto\PdfDto.class]: Post-processing of merged bean definition failed; nested exception is java.lang.IllegalStateException: Failed to introspect bean class [com.increff.invoice.dto.PdfDto] for persistence metadata: could not find class that it depends on
	at org.springframework.beans.factory.support.AbstractAutowireCapableBeanFactory.doCreateBean(AbstractAutowireCapableBeanFactory.java:526)
	at org.springframework.beans.factory.support.AbstractAutowireCapableBeanFactory.createBean(AbstractAutowireCapableBeanFactory.java:483)
	at org.springframework.beans.factory.support.AbstractBeanFactory$1.getObject(AbstractBeanFactory.java:306)
	at org.springframework.beans.factory.support.DefaultSingletonBeanRegistry.getSingleton(DefaultSingletonBeanRegistry.java:230)
	at org.springframework.beans.factory.support.AbstractBeanFactory.doGetBean(AbstractBeanFactory.java:302)
	at org.springframework.beans.factory.support.AbstractBeanFactory.getBean(AbstractBeanFactory.java:202)
	at org.springframework.beans.factory.config.DependencyDescriptor.resolveCandidate(DependencyDescriptor.java:208)
	at org.springframework.beans.factory.support.DefaultListableBeanFactory.doResolveDependency(DefaultListableBeanFactory.java:1138)
	at org.springframework.beans.factory.support.DefaultListableBeanFactory.resolveDependency(DefaultListableBeanFactory.java:1066)
	at org.springframework.beans.factory.annotation.AutowiredAnnotationBeanPostProcessor$AutowiredFieldElement.inject(AutowiredAnnotationBeanPostProcessor.java:585)
	... 42 more
Caused by: java.lang.IllegalStateException: Failed to introspect bean class [com.increff.invoice.dto.PdfDto] for persistence metadata: could not find class that it depends on
	at org.springframework.orm.jpa.support.PersistenceAnnotationBeanPostProcessor.findPersistenceMetadata(PersistenceAnnotationBeanPostProcessor.java:401)
	at org.springframework.orm.jpa.support.PersistenceAnnotationBeanPostProcessor.postProcessMergedBeanDefinition(PersistenceAnnotationBeanPostProcessor.java:333)
	at org.springframework.beans.factory.support.AbstractAutowireCapableBeanFactory.applyMergedBeanDefinitionPostProcessors(AbstractAutowireCapableBeanFactory.java:992)
	at org.springframework.beans.factory.support.AbstractAutowireCapableBeanFactory.doCreateBean(AbstractAutowireCapableBeanFactory.java:523)
	... 51 more
Caused by: java.lang.NoClassDefFoundError: Lcom/increff/invoice/util/Invoice/PDF_Generator;
	at java.lang.Class.getDeclaredFields0(Native Method)
	at java.lang.Class.privateGetDeclaredFields(Class.java:2583)
	at java.lang.Class.getDeclaredFields(Class.java:1916)
	at org.springframework.util.ReflectionUtils.getDeclaredFields(ReflectionUtils.java:715)
	at org.springframework.util.ReflectionUtils.doWithLocalFields(ReflectionUtils.java:656)
	at org.springframework.orm.jpa.support.PersistenceAnnotationBeanPostProcessor.buildPersistenceMetadata(PersistenceAnnotationBeanPostProcessor.java:418)
	at org.springframework.orm.jpa.support.PersistenceAnnotationBeanPostProcessor.findPersistenceMetadata(PersistenceAnnotationBeanPostProcessor.java:397)
	... 54 more
Caused by: java.lang.ClassNotFoundException: com.increff.invoice.util.Invoice.PDF_Generator
	at org.codehaus.plexus.classworlds.strategy.SelfFirstStrategy.loadClass(SelfFirstStrategy.java:50)
	at org.codehaus.plexus.classworlds.realm.ClassRealm.unsynchronizedLoadClass(ClassRealm.java:271)
	at org.codehaus.plexus.classworlds.realm.ClassRealm.loadClass(ClassRealm.java:247)
	at org.codehaus.plexus.classworlds.realm.ClassRealm.loadClass(ClassRealm.java:239)
	at org.eclipse.jetty.webapp.WebAppClassLoader.loadClass(WebAppClassLoader.java:543)
	at java.lang.ClassLoader.loadClass(ClassLoader.java:351)
	... 61 more
2023-02-22 14:39:13 WARN  AnnotationConfigWebApplicationContext:550 - Exception encountered during context initialization - cancelling refresh attempt: org.springframework.beans.factory.UnsatisfiedDependencyException: Error creating bean with name 'pdfApiController': Unsatisfied dependency expressed through field 'pdfDto'; nested exception is org.springframework.beans.factory.BeanCreationException: Error creating bean with name 'pdfDto' defined in file [D:\Repos\POS\invoice\target\classes\com\increff\invoice\dto\PdfDto.class]: Post-processing of merged bean definition failed; nested exception is java.lang.IllegalStateException: Failed to introspect bean class [com.increff.invoice.dto.PdfDto] for persistence metadata: could not find class that it depends on
2023-02-22 14:39:13 ERROR DispatcherServlet:502 - Context initialization failed
org.springframework.beans.factory.UnsatisfiedDependencyException: Error creating bean with name 'pdfApiController': Unsatisfied dependency expressed through field 'pdfDto'; nested exception is org.springframework.beans.factory.BeanCreationException: Error creating bean with name 'pdfDto' defined in file [D:\Repos\POS\invoice\target\classes\com\increff\invoice\dto\PdfDto.class]: Post-processing of merged bean definition failed; nested exception is java.lang.IllegalStateException: Failed to introspect bean class [com.increff.invoice.dto.PdfDto] for persistence metadata: could not find class that it depends on
	at org.springframework.beans.factory.annotation.AutowiredAnnotationBeanPostProcessor$AutowiredFieldElement.inject(AutowiredAnnotationBeanPostProcessor.java:588)
	at org.springframework.beans.factory.annotation.InjectionMetadata.inject(InjectionMetadata.java:88)
	at org.springframework.beans.factory.annotation.AutowiredAnnotationBeanPostProcessor.postProcessPropertyValues(AutowiredAnnotationBeanPostProcessor.java:366)
	at org.springframework.beans.factory.support.AbstractAutowireCapableBeanFactory.populateBean(AbstractAutowireCapableBeanFactory.java:1264)
	at org.springframework.beans.factory.support.AbstractAutowireCapableBeanFactory.doCreateBean(AbstractAutowireCapableBeanFactory.java:553)
	at org.springframework.beans.factory.support.AbstractAutowireCapableBeanFactory.createBean(AbstractAutowireCapableBeanFactory.java:483)
	at org.springframework.beans.factory.support.AbstractBeanFactory$1.getObject(AbstractBeanFactory.java:306)
	at org.springframework.beans.factory.support.DefaultSingletonBeanRegistry.getSingleton(DefaultSingletonBeanRegistry.java:230)
	at org.springframework.beans.factory.support.AbstractBeanFactory.doGetBean(AbstractBeanFactory.java:302)
	at org.springframework.beans.factory.support.AbstractBeanFactory.getBean(AbstractBeanFactory.java:197)
	at org.springframework.beans.factory.support.DefaultListableBeanFactory.preInstantiateSingletons(DefaultListableBeanFactory.java:761)
	at org.springframework.context.support.AbstractApplicationContext.finishBeanFactoryInitialization(AbstractApplicationContext.java:866)
	at org.springframework.context.support.AbstractApplicationContext.refresh(AbstractApplicationContext.java:542)
	at org.springframework.web.servlet.FrameworkServlet.configureAndRefreshWebApplicationContext(FrameworkServlet.java:668)
	at org.springframework.web.servlet.FrameworkServlet.initWebApplicationContext(FrameworkServlet.java:540)
	at org.springframework.web.servlet.FrameworkServlet.initServletBean(FrameworkServlet.java:494)
	at org.springframework.web.servlet.HttpServletBean.init(HttpServletBean.java:136)
	at javax.servlet.GenericServlet.init(GenericServlet.java:244)
	at org.eclipse.jetty.servlet.ServletHolder.initServlet(ServletHolder.java:599)
	at org.eclipse.jetty.servlet.ServletHolder.initialize(ServletHolder.java:425)
	at org.eclipse.jetty.servlet.ServletHandler.lambda$initialize$0(ServletHandler.java:751)
	at java.util.stream.SortedOps$SizedRefSortingSink.end(SortedOps.java:352)
	at java.util.stream.AbstractPipeline.copyInto(AbstractPipeline.java:483)
	at java.util.stream.AbstractPipeline.wrapAndCopyInto(AbstractPipeline.java:472)
	at java.util.stream.StreamSpliterators$WrappingSpliterator.forEachRemaining(StreamSpliterators.java:312)
	at java.util.stream.Streams$ConcatSpliterator.forEachRemaining(Streams.java:743)
	at java.util.stream.Streams$ConcatSpliterator.forEachRemaining(Streams.java:742)
	at java.util.stream.ReferencePipeline$Head.forEach(ReferencePipeline.java:580)
	at org.eclipse.jetty.servlet.ServletHandler.initialize(ServletHandler.java:744)
	at org.eclipse.jetty.servlet.ServletContextHandler.startContext(ServletContextHandler.java:361)
	at org.eclipse.jetty.webapp.WebAppContext.startWebapp(WebAppContext.java:1443)
	at org.eclipse.jetty.maven.plugin.JettyWebAppContext.startWebapp(JettyWebAppContext.java:328)
	at org.eclipse.jetty.webapp.WebAppContext.startContext(WebAppContext.java:1407)
	at org.eclipse.jetty.server.handler.ContextHandler.doStart(ContextHandler.java:821)
	at org.eclipse.jetty.servlet.ServletContextHandler.doStart(ServletContextHandler.java:276)
	at org.eclipse.jetty.webapp.WebAppContext.doStart(WebAppContext.java:524)
	at org.eclipse.jetty.maven.plugin.JettyWebAppContext.doStart(JettyWebAppContext.java:397)
	at org.eclipse.jetty.util.component.AbstractLifeCycle.start(AbstractLifeCycle.java:72)
	at org.eclipse.jetty.maven.plugin.JettyRunMojo.restartWebApp(JettyRunMojo.java:513)
	at org.eclipse.jetty.maven.plugin.JettyRunMojo$1.onPathWatchEvents(JettyRunMojo.java:357)
	at org.eclipse.jetty.util.PathWatcher.notifyEvents(PathWatcher.java:1342)
	at org.eclipse.jetty.util.PathWatcher.run(PathWatcher.java:1169)
	at java.lang.Thread.run(Thread.java:748)
Caused by: org.springframework.beans.factory.BeanCreationException: Error creating bean with name 'pdfDto' defined in file [D:\Repos\POS\invoice\target\classes\com\increff\invoice\dto\PdfDto.class]: Post-processing of merged bean definition failed; nested exception is java.lang.IllegalStateException: Failed to introspect bean class [com.increff.invoice.dto.PdfDto] for persistence metadata: could not find class that it depends on
	at org.springframework.beans.factory.support.AbstractAutowireCapableBeanFactory.doCreateBean(AbstractAutowireCapableBeanFactory.java:526)
	at org.springframework.beans.factory.support.AbstractAutowireCapableBeanFactory.createBean(AbstractAutowireCapableBeanFactory.java:483)
	at org.springframework.beans.factory.support.AbstractBeanFactory$1.getObject(AbstractBeanFactory.java:306)
	at org.springframework.beans.factory.support.DefaultSingletonBeanRegistry.getSingleton(DefaultSingletonBeanRegistry.java:230)
	at org.springframework.beans.factory.support.AbstractBeanFactory.doGetBean(AbstractBeanFactory.java:302)
	at org.springframework.beans.factory.support.AbstractBeanFactory.getBean(AbstractBeanFactory.java:202)
	at org.springframework.beans.factory.config.DependencyDescriptor.resolveCandidate(DependencyDescriptor.java:208)
	at org.springframework.beans.factory.support.DefaultListableBeanFactory.doResolveDependency(DefaultListableBeanFactory.java:1138)
	at org.springframework.beans.factory.support.DefaultListableBeanFactory.resolveDependency(DefaultListableBeanFactory.java:1066)
	at org.springframework.beans.factory.annotation.AutowiredAnnotationBeanPostProcessor$AutowiredFieldElement.inject(AutowiredAnnotationBeanPostProcessor.java:585)
	... 42 more
Caused by: java.lang.IllegalStateException: Failed to introspect bean class [com.increff.invoice.dto.PdfDto] for persistence metadata: could not find class that it depends on
	at org.springframework.orm.jpa.support.PersistenceAnnotationBeanPostProcessor.findPersistenceMetadata(PersistenceAnnotationBeanPostProcessor.java:401)
	at org.springframework.orm.jpa.support.PersistenceAnnotationBeanPostProcessor.postProcessMergedBeanDefinition(PersistenceAnnotationBeanPostProcessor.java:333)
	at org.springframework.beans.factory.support.AbstractAutowireCapableBeanFactory.applyMergedBeanDefinitionPostProcessors(AbstractAutowireCapableBeanFactory.java:992)
	at org.springframework.beans.factory.support.AbstractAutowireCapableBeanFactory.doCreateBean(AbstractAutowireCapableBeanFactory.java:523)
	... 51 more
Caused by: java.lang.NoClassDefFoundError: Lcom/increff/invoice/util/Invoice/PDF_Generator;
	at java.lang.Class.getDeclaredFields0(Native Method)
	at java.lang.Class.privateGetDeclaredFields(Class.java:2583)
	at java.lang.Class.getDeclaredFields(Class.java:1916)
	at org.springframework.util.ReflectionUtils.getDeclaredFields(ReflectionUtils.java:715)
	at org.springframework.util.ReflectionUtils.doWithLocalFields(ReflectionUtils.java:656)
	at org.springframework.orm.jpa.support.PersistenceAnnotationBeanPostProcessor.buildPersistenceMetadata(PersistenceAnnotationBeanPostProcessor.java:418)
	at org.springframework.orm.jpa.support.PersistenceAnnotationBeanPostProcessor.findPersistenceMetadata(PersistenceAnnotationBeanPostProcessor.java:397)
	... 54 more
Caused by: java.lang.ClassNotFoundException: com.increff.invoice.util.Invoice.PDF_Generator
	at org.codehaus.plexus.classworlds.strategy.SelfFirstStrategy.loadClass(SelfFirstStrategy.java:50)
	at org.codehaus.plexus.classworlds.realm.ClassRealm.unsynchronizedLoadClass(ClassRealm.java:271)
	at org.codehaus.plexus.classworlds.realm.ClassRealm.loadClass(ClassRealm.java:247)
	at org.codehaus.plexus.classworlds.realm.ClassRealm.loadClass(ClassRealm.java:239)
	at org.eclipse.jetty.webapp.WebAppClassLoader.loadClass(WebAppClassLoader.java:543)
	at java.lang.ClassLoader.loadClass(ClassLoader.java:351)
	... 61 more
2023-02-22 14:41:30 WARN  FOUserAgent:80 - The following feature isn't implemented by Apache FOP, yet: table-layout="auto" (on fo:table) (No context info available)
2023-02-22 14:41:30 ERROR FOUserAgent:82 - Image not found. URI: file:///D:/Work Space/IncreffProjects/pos_project/apache_fop/src/main/resources/logo.png. (No context info available)
2023-02-22 14:41:30 WARN  FOUserAgent:80 - The following feature isn't implemented by Apache FOP, yet: table-layout="auto" (on fo:table) (No context info available)
2023-02-22 14:41:30 WARN  FOUserAgent:80 - The following feature isn't implemented by Apache FOP, yet: table-layout="auto" (on fo:table) (No context info available)
2023-02-22 14:41:30 WARN  FOUserAgent:80 - Font "Symbol,normal,700" not found. Substituting with "Symbol,normal,400".
2023-02-22 14:41:30 WARN  FOUserAgent:80 - Font "ZapfDingbats,normal,700" not found. Substituting with "ZapfDingbats,normal,400".
2023-02-22 14:41:30 ERROR FOUserAgent:82 - Image not found. URI: file:///D:/Work Space/IncreffProjects/pos_project/apache_fop/src/main/resources/logo.png. (No context info available)
2023-02-22 14:42:24 WARN  FOUserAgent:80 - The following feature isn't implemented by Apache FOP, yet: table-layout="auto" (on fo:table) (No context info available)
2023-02-22 14:42:24 ERROR FOUserAgent:82 - Image not found. URI: file:///D:/Work Space/IncreffProjects/pos_project/apache_fop/src/main/resources/logo.png. (No context info available)
2023-02-22 14:42:24 WARN  FOUserAgent:80 - The following feature isn't implemented by Apache FOP, yet: table-layout="auto" (on fo:table) (No context info available)
2023-02-22 14:42:24 WARN  FOUserAgent:80 - The following feature isn't implemented by Apache FOP, yet: table-layout="auto" (on fo:table) (No context info available)
2023-02-22 14:42:24 WARN  FOUserAgent:80 - Font "Symbol,normal,700" not found. Substituting with "Symbol,normal,400".
2023-02-22 14:42:24 WARN  FOUserAgent:80 - Font "ZapfDingbats,normal,700" not found. Substituting with "ZapfDingbats,normal,400".
2023-02-22 14:42:24 ERROR FOUserAgent:82 - Image not found. URI: file:///D:/Work Space/IncreffProjects/pos_project/apache_fop/src/main/resources/logo.png. (No context info available)
